Determining if the pthread_create exist failed with the following output:
Change Dir: /home/fasm22/workspace/imagenes/Tareas/Tarea01/opencv/CMakeFiles/CMakeTmp

Run Build Command:"/usr/bin/make" "cmTC_f0ddf/fast"
/usr/bin/make -f CMakeFiles/cmTC_f0ddf.dir/build.make CMakeFiles/cmTC_f0ddf.dir/build
make[1]: Entering directory '/home/fasm22/workspace/imagenes/Tareas/Tarea01/opencv/CMakeFiles/CMakeTmp'
Building C object CMakeFiles/cmTC_f0ddf.dir/CheckSymbolExists.c.o
/usr/bin/cc     -o CMakeFiles/cmTC_f0ddf.dir/CheckSymbolExists.c.o   -c /home/fasm22/workspace/imagenes/Tareas/Tarea01/opencv/CMakeFiles/CMakeTmp/CheckSymbolExists.c
Linking C executable cmTC_f0ddf
/usr/bin/cmake -E cmake_link_script CMakeFiles/cmTC_f0ddf.dir/link.txt --verbose=1
/usr/bin/cc       CMakeFiles/cmTC_f0ddf.dir/CheckSymbolExists.c.o  -o cmTC_f0ddf -rdynamic 
CMakeFiles/cmTC_f0ddf.dir/CheckSymbolExists.c.o: In function `main':
CheckSymbolExists.c:(.text+0x16): undefined reference to `pthread_create'
collect2: error: ld returned 1 exit status
CMakeFiles/cmTC_f0ddf.dir/build.make:97: recipe for target 'cmTC_f0ddf' failed
make[1]: *** [cmTC_f0ddf] Error 1
make[1]: Leaving directory '/home/fasm22/workspace/imagenes/Tareas/Tarea01/opencv/CMakeFiles/CMakeTmp'
Makefile:126: recipe for target 'cmTC_f0ddf/fast' failed
make: *** [cmTC_f0ddf/fast] Error 2

File /home/fasm22/workspace/imagenes/Tareas/Tarea01/opencv/CMakeFiles/CMakeTmp/CheckSymbolExists.c:
/* */
#include <pthread.h>

int main(int argc, char** argv)
{
  (void)argv;
#ifndef pthread_create
  return ((int*)(&pthread_create))[argc];
#else
  (void)argc;
  return 0;
#endif
}

Determining if the function pthread_create exists in the pthreads failed with the following output:
Change Dir: /home/fasm22/workspace/imagenes/Tareas/Tarea01/opencv/CMakeFiles/CMakeTmp

Run Build Command:"/usr/bin/make" "cmTC_6812f/fast"
/usr/bin/make -f CMakeFiles/cmTC_6812f.dir/build.make CMakeFiles/cmTC_6812f.dir/build
make[1]: Entering directory '/home/fasm22/workspace/imagenes/Tareas/Tarea01/opencv/CMakeFiles/CMakeTmp'
Building C object CMakeFiles/cmTC_6812f.dir/CheckFunctionExists.c.o
/usr/bin/cc    -DCHECK_FUNCTION_EXISTS=pthread_create   -o CMakeFiles/cmTC_6812f.dir/CheckFunctionExists.c.o   -c /usr/share/cmake-3.5/Modules/CheckFunctionExists.c
Linking C executable cmTC_6812f
/usr/bin/cmake -E cmake_link_script CMakeFiles/cmTC_6812f.dir/link.txt --verbose=1
/usr/bin/cc   -DCHECK_FUNCTION_EXISTS=pthread_create    CMakeFiles/cmTC_6812f.dir/CheckFunctionExists.c.o  -o cmTC_6812f -rdynamic -lpthreads 
/usr/bin/ld: cannot find -lpthreads
collect2: error: ld returned 1 exit status
CMakeFiles/cmTC_6812f.dir/build.make:97: recipe for target 'cmTC_6812f' failed
make[1]: *** [cmTC_6812f] Error 1
make[1]: Leaving directory '/home/fasm22/workspace/imagenes/Tareas/Tarea01/opencv/CMakeFiles/CMakeTmp'
Makefile:126: recipe for target 'cmTC_6812f/fast' failed
make: *** [cmTC_6812f/fast] Error 2


